<?xml version="1.0" encoding="utf-8"?><testsuites name="pytest tests"><testsuite name="pytest" errors="0" failures="0" skipped="0" tests="11" time="1.460" timestamp="2026-06-21T21:43:55.996321+00:00" hostname="agent-env-9cc96827-2de4-47a3-94a3-dad890850fed"><testcase classname="backend.tests.test_iter2_review.TestAuth" name="test_guest_login" time="0.159" /><testcase classname="backend.tests.test_iter2_review.TestAuth" name="test_me" time="0.219" /><testcase classname="backend.tests.test_iter2_review.TestVisionBoard" name="test_board" time="0.130" /><testcase classname="backend.tests.test_iter2_review.TestVisionBoard" name="test_info" time="0.138" /><testcase classname="backend.tests.test_iter2_review.TestVisionBoard" name="test_copilot_data" time="0.130" /><testcase classname="backend.tests.test_iter2_review.TestVisionBoard" name="test_canva_status" time="0.097" /><testcase classname="backend.tests.test_iter2_review.TestVisionBoard" name="test_visionbook" time="0.131" /><testcase classname="backend.tests.test_iter2_review.TestVisionBoard" name="test_analyse" time="0.101" /><testcase classname="backend.tests.test_iter2_review.TestFmPages" name="test_finance_overview" time="0.104" /><testcase classname="backend.tests.test_iter2_review.TestFmPages" name="test_wellness_history" time="0.105" /><testcase classname="backend.tests.test_iter2_review.TestFmPages" name="test_projects_list" time="0.110" /></testsuite></testsuites>