<?xml version="1.0" encoding="utf-8"?><testsuites name="pytest tests"><testsuite name="pytest" errors="0" failures="0" skipped="0" tests="3" time="1.759" timestamp="2026-09-14T02:53:05.488793+00:00" hostname="agent-env-d918536f-0a72-49a2-b500-f21d3dacafbd"><testcase classname="tests.backend_test" name="test_get_templates_returns_five" time="0.303" /><testcase classname="tests.backend_test" name="test_get_favorites_unknown_session_returns_empty" time="0.119" /><testcase classname="tests.backend_test" name="test_toggle_favorite_add_remove_flow" time="0.838" /></testsuite></testsuites>