<?xml version="1.0" encoding="utf-8"?><testsuites name="pytest tests"><testsuite name="pytest" errors="0" failures="0" skipped="0" tests="11" time="3.193" timestamp="2026-06-21T17:57:25.717757+00:00" hostname="agent-env-9cc96827-2de4-47a3-94a3-dad890850fed"><testcase classname="backend.tests.test_zayado_review" name="test_login_success" time="0.436" /><testcase classname="backend.tests.test_zayado_review" name="test_login_invalid" time="0.271" /><testcase classname="backend.tests.test_zayado_review" name="test_auth_me" time="0.322" /><testcase classname="backend.tests.test_zayado_review" name="test_vision_get_endpoints" time="0.224" /><testcase classname="backend.tests.test_zayado_review" name="test_vision_analyse" time="0.043" /><testcase classname="backend.tests.test_zayado_review" name="test_finance_overview" time="0.050" /><testcase classname="backend.tests.test_zayado_review" name="test_finance_forecast" time="0.046" /><testcase classname="backend.tests.test_zayado_review" name="test_finance_serenity" time="0.055" /><testcase classname="backend.tests.test_zayado_review" name="test_finance_entry_creates_and_reflects" time="0.144" /><testcase classname="backend.tests.test_zayado_review" name="test_wellness_checkin_and_history" time="0.105" /><testcase classname="backend.tests.test_zayado_review" name="test_projects_crud_and_timer" time="1.458" /></testsuite></testsuites>